<?xml version="1.0" encoding="UTF-8"?>
<testng-results skipped="0" failed="0" total="1" passed="1">
  <reporter-output>
  </reporter-output>
  <suite name="Suite" duration-ms="9851" started-at="2019-07-06T11:19:17Z" finished-at="2019-07-06T11:19:27Z">
    <groups>
    </groups>
    <test name="Test" duration-ms="9851" started-at="2019-07-06T11:19:17Z" finished-at="2019-07-06T11:19:27Z">
      <class name="example.NewTest">
        <test-method status="PASS" signature="beforeTest()[pri:0, instance:example.NewTest@1554909b]" name="beforeTest" is-config="true" duration-ms="2980" started-at="2019-07-06T16:49:17Z" finished-at="2019-07-06T16:49:20Z">
          <reporter-output>
          </reporter-output>
        </test-method> <!-- beforeTest -->
        <test-method status="PASS" signature="testEasy()[pri:0, instance:example.NewTest@1554909b]" name="testEasy" duration-ms="5649" started-at="2019-07-06T16:49:20Z" finished-at="2019-07-06T16:49:26Z">
          <reporter-output>
          </reporter-output>
        </test-method> <!-- testEasy -->
        <test-method status="PASS" signature="afterTest()[pri:0, instance:example.NewTest@1554909b]" name="afterTest" is-config="true" duration-ms="1215" started-at="2019-07-06T16:49:26Z" finished-at="2019-07-06T16:49:27Z">
          <reporter-output>
          </reporter-output>
        </test-method> <!-- afterTest -->
      </class> <!-- example.NewTest -->
    </test> <!-- Test -->
  </suite> <!-- Suite -->
</testng-results>
